# JRE version: Java(TM) SE Runtime Environment (8.0_92-b14) (build 1.8.0_92-b14)
# Java VM: Java HotSpot(TM) Client VM (25.92-b14 mixed mode windows-x86 )
Heap:
 def new generation   total 39424K, used 14315K [0x10200000, 0x12cc0000, 0x1aca0000)
  eden space 35072K,  28% used [0x10200000, 0x10bbae70, 0x12440000)
  from space 4352K, 100% used [0x12880000, 0x12cc0000, 0x12cc0000)
  to   space 4352K,   0% used [0x12440000, 0x12440000, 0x12880000)
 tenured generation   total 87424K, used 14740K [0x1aca0000, 0x20200000, 0x30200000)
   the space 87424K,  16% used [0x1aca0000, 0x1bb051d8, 0x1bb05200, 0x20200000)
 Metaspace       used 17503K, capacity 17947K, committed 18048K, reserved 18816K
GC Heap History (8 events):
Event: 2.192 GC heap before
{Heap before GC invocations=0 (full 0):
 def new generation   total 39296K, used 34944K [0x10200000, 0x12ca0000, 0x1aca0000)
  eden space 34944K, 100% used [0x10200000, 0x12420000, 0x12420000)
  from space 4352K,   0% used [0x12420000, 0x12420000, 0x12860000)
  to   space 4352K,   0% used [0x12860000, 0x12860000, 0x12ca0000)
 tenured generation   total 87424K, used 0K [0x1aca0000, 0x20200000, 0x30200000)
   the space 87424K,   0% used [0x1aca0000, 0x1aca0000, 0x1aca0200, 0x20200000)
 Metaspace       used 9973K, capacity 10156K, committed 10240K, reserved 10624K
Event: 2.206 GC heap after
Heap after GC invocations=1 (full 0):
 def new generation   total 39296K, used 4352K [0x10200000, 0x12ca0000, 0x1aca0000)
  eden space 34944K,   0% used [0x10200000, 0x10200000, 0x12420000)
  from space 4352K, 100% used [0x12860000, 0x12ca0000, 0x12ca0000)
  to   space 4352K,   0% used [0x12420000, 0x12420000, 0x12860000)
 tenured generation   total 87424K, used 2676K [0x1aca0000, 0x20200000, 0x30200000)
   the space 87424K,   3% used [0x1aca0000, 0x1af3d3a8, 0x1af3d400, 0x20200000)
 Metaspace       used 9973K, capacity 10156K, committed 10240K, reserved 10624K
}
Event: 3.115 GC heap before
{Heap before GC invocations=1 (full 0):
 def new generation   total 39296K, used 39296K [0x10200000, 0x12ca0000, 0x1aca0000)
  eden space 34944K, 100% used [0x10200000, 0x12420000, 0x12420000)
  from space 4352K, 100% used [0x12860000, 0x12ca0000, 0x12ca0000)
  to   space 4352K,   0% used [0x12420000, 0x12420000, 0x12860000)
 tenured generation   total 87424K, used 2676K [0x1aca0000, 0x20200000, 0x30200000)
   the space 87424K,   3% used [0x1aca0000, 0x1af3d3a8, 0x1af3d400, 0x20200000)
 Metaspace       used 11373K, capacity 11705K, committed 11776K, reserved 12672K
Event: 3.143 GC heap after
Heap after GC invocations=2 (full 0):
 def new generation   total 39296K, used 4352K [0x10200000, 0x12ca0000, 0x1aca0000)
  eden space 34944K,   0% used [0x10200000, 0x10200000, 0x12420000)
  from space 4352K, 100% used [0x12420000, 0x12860000, 0x12860000)
  to   space 4352K,   0% used [0x12860000, 0x12860000, 0x12ca0000)
 tenured generation   total 87424K, used 7668K [0x1aca0000, 0x20200000, 0x30200000)
   the space 87424K,   8% used [0x1aca0000, 0x1b41d348, 0x1b41d400, 0x20200000)
 Metaspace       used 11373K, capacity 11705K, committed 11776K, reserved 12672K
}
Event: 3.678 GC heap before
{Heap before GC invocations=2 (full 0):
 def new generation   total 39296K, used 19724K [0x10200000, 0x12ca0000, 0x1aca0000)
  eden space 34944K,  43% used [0x10200000, 0x11103140, 0x12420000)
  from space 4352K, 100% used [0x12420000, 0x12860000, 0x12860000)
  to   space 4352K,   0% used [0x12860000, 0x12860000, 0x12ca0000)
 tenured generation   total 87424K, used 7668K [0x1aca0000, 0x20200000, 0x30200000)
   the space 87424K,   8% used [0x1aca0000, 0x1b41d348, 0x1b41d400, 0x20200000)
 Metaspace       used 11946K, capacity 12269K, committed 12288K, reserved 12672K
Event: 3.721 GC heap after
Heap after GC invocations=3 (full 1):
 def new generation   total 39424K, used 0K [0x10200000, 0x12cc0000, 0x1aca0000)
  eden space 35072K,   0% used [0x10200000, 0x10200000, 0x12440000)
  from space 4352K,   0% used [0x12440000, 0x12440000, 0x12880000)
  to   space 4352K,   0% used [0x12880000, 0x12880000, 0x12cc0000)
 tenured generation   total 87424K, used 13073K [0x1aca0000, 0x20200000, 0x30200000)
   the space 87424K,  14% used [0x1aca0000, 0x1b964598, 0x1b964600, 0x20200000)
 Metaspace       used 11946K, capacity 12269K, committed 12288K, reserved 12672K
}
Event: 4.802 GC heap before
{Heap before GC invocations=3 (full 1):
 def new generation   total 39424K, used 32372K [0x10200000, 0x12cc0000, 0x1aca0000)
  eden space 35072K,  92% used [0x10200000, 0x1219d2f0, 0x12440000)
  from space 4352K,   0% used [0x12440000, 0x12440000, 0x12880000)
  to   space 4352K,   0% used [0x12880000, 0x12880000, 0x12cc0000)
 tenured generation   total 87424K, used 13073K [0x1aca0000, 0x20200000, 0x30200000)
   the space 87424K,  14% used [0x1aca0000, 0x1b964598, 0x1b964600, 0x20200000)
 Metaspace       used 17093K, capacity 17531K, committed 17664K, reserved 17792K
Event: 4.817 GC heap after
Heap after GC invocations=4 (full 1):
 def new generation   total 39424K, used 4352K [0x10200000, 0x12cc0000, 0x1aca0000)
  eden space 35072K,   0% used [0x10200000, 0x10200000, 0x12440000)
  from space 4352K, 100% used [0x12880000, 0x12cc0000, 0x12cc0000)
  to   space 4352K,   0% used [0x12440000, 0x12440000, 0x12880000)
 tenured generation   total 87424K, used 14740K [0x1aca0000, 0x20200000, 0x30200000)
   the space 87424K,  16% used [0x1aca0000, 0x1bb051d8, 0x1bb05200, 0x20200000)
 Metaspace       used 17093K, capacity 17531K, committed 17664K, reserved 17792K
}

