# JRE version: Java(TM) SE Runtime Environment (8.0_92-b14) (build 1.8.0_92-b14)
# Java VM: Java HotSpot(TM) Client VM (25.92-b14 mixed mode windows-x86 )
Heap:
 def new generation   total 39424K, used 35597K [0x10200000, 0x12cc0000, 0x1aca0000)
  eden space 35072K,  93% used [0x10200000, 0x121e5008, 0x12440000)
  from space 4352K,  67% used [0x12440000, 0x1271e718, 0x12880000)
  to   space 4352K,   0% used [0x12880000, 0x12880000, 0x12cc0000)
 tenured generation   total 87424K, used 21523K [0x1aca0000, 0x20200000, 0x30200000)
   the space 87424K,  24% used [0x1aca0000, 0x1c1a4e58, 0x1c1a5000, 0x20200000)
 Metaspace       used 18446K, capacity 18876K, committed 18944K, reserved 19840K
GC Heap History (10 events):
Event: 18.994 GC heap before
{Heap before GC invocations=0 (full 0):
 def new generation   total 39296K, used 34944K [0x10200000, 0x12ca0000, 0x1aca0000)
  eden space 34944K, 100% used [0x10200000, 0x12420000, 0x12420000)
  from space 4352K,   0% used [0x12420000, 0x12420000, 0x12860000)
  to   space 4352K,   0% used [0x12860000, 0x12860000, 0x12ca0000)
 tenured generation   total 87424K, used 0K [0x1aca0000, 0x20200000, 0x30200000)
   the space 87424K,   0% used [0x1aca0000, 0x1aca0000, 0x1aca0200, 0x20200000)
 Metaspace       used 9915K, capacity 10092K, committed 10240K, reserved 10624K
Event: 19.043 GC heap after
Heap after GC invocations=1 (full 0):
 def new generation   total 39296K, used 4352K [0x10200000, 0x12ca0000, 0x1aca0000)
  eden space 34944K,   0% used [0x10200000, 0x10200000, 0x12420000)
  from space 4352K, 100% used [0x12860000, 0x12ca0000, 0x12ca0000)
  to   space 4352K,   0% used [0x12420000, 0x12420000, 0x12860000)
 tenured generation   total 87424K, used 2590K [0x1aca0000, 0x20200000, 0x30200000)
   the space 87424K,   2% used [0x1aca0000, 0x1af27898, 0x1af27a00, 0x20200000)
 Metaspace       used 9915K, capacity 10092K, committed 10240K, reserved 10624K
}
Event: 30.124 GC heap before
{Heap before GC invocations=1 (full 0):
 def new generation   total 39296K, used 39296K [0x10200000, 0x12ca0000, 0x1aca0000)
  eden space 34944K, 100% used [0x10200000, 0x12420000, 0x12420000)
  from space 4352K, 100% used [0x12860000, 0x12ca0000, 0x12ca0000)
  to   space 4352K,   0% used [0x12420000, 0x12420000, 0x12860000)
 tenured generation   total 87424K, used 2590K [0x1aca0000, 0x20200000, 0x30200000)
   the space 87424K,   2% used [0x1aca0000, 0x1af27898, 0x1af27a00, 0x20200000)
 Metaspace       used 11380K, capacity 11742K, committed 11776K, reserved 12672K
Event: 30.232 GC heap after
Heap after GC invocations=2 (full 0):
 def new generation   total 39296K, used 4352K [0x10200000, 0x12ca0000, 0x1aca0000)
  eden space 34944K,   0% used [0x10200000, 0x10200000, 0x12420000)
  from space 4352K, 100% used [0x12420000, 0x12860000, 0x12860000)
  to   space 4352K,   0% used [0x12860000, 0x12860000, 0x12ca0000)
 tenured generation   total 87424K, used 7673K [0x1aca0000, 0x20200000, 0x30200000)
   the space 87424K,   8% used [0x1aca0000, 0x1b41e4f0, 0x1b41e600, 0x20200000)
 Metaspace       used 11380K, capacity 11742K, committed 11776K, reserved 12672K
}
Event: 33.069 GC heap before
{Heap before GC invocations=2 (full 0):
 def new generation   total 39296K, used 15466K [0x10200000, 0x12ca0000, 0x1aca0000)
  eden space 34944K,  31% used [0x10200000, 0x10cdaad8, 0x12420000)
  from space 4352K, 100% used [0x12420000, 0x12860000, 0x12860000)
  to   space 4352K,   0% used [0x12860000, 0x12860000, 0x12ca0000)
 tenured generation   total 87424K, used 7673K [0x1aca0000, 0x20200000, 0x30200000)
   the space 87424K,   8% used [0x1aca0000, 0x1b41e4f0, 0x1b41e600, 0x20200000)
 Metaspace       used 11917K, capacity 12264K, committed 12288K, reserved 12672K
Event: 33.225 GC heap after
Heap after GC invocations=3 (full 1):
 def new generation   total 39424K, used 0K [0x10200000, 0x12cc0000, 0x1aca0000)
  eden space 35072K,   0% used [0x10200000, 0x10200000, 0x12440000)
  from space 4352K,   0% used [0x12440000, 0x12440000, 0x12880000)
  to   space 4352K,   0% used [0x12880000, 0x12880000, 0x12cc0000)
 tenured generation   total 87424K, used 12527K [0x1aca0000, 0x20200000, 0x30200000)
   the space 87424K,  14% used [0x1aca0000, 0x1b8dbda8, 0x1b8dbe00, 0x20200000)
 Metaspace       used 11917K, capacity 12264K, committed 12288K, reserved 12672K
}
Event: 52.973 GC heap before
{Heap before GC invocations=3 (full 1):
 def new generation   total 39424K, used 35072K [0x10200000, 0x12cc0000, 0x1aca0000)
  eden space 35072K, 100% used [0x10200000, 0x12440000, 0x12440000)
  from space 4352K,   0% used [0x12440000, 0x12440000, 0x12880000)
  to   space 4352K,   0% used [0x12880000, 0x12880000, 0x12cc0000)
 tenured generation   total 87424K, used 12527K [0x1aca0000, 0x20200000, 0x30200000)
   the space 87424K,  14% used [0x1aca0000, 0x1b8dbda8, 0x1b8dbe00, 0x20200000)
 Metaspace       used 16955K, capacity 17359K, committed 17408K, reserved 17792K
Event: 52.993 GC heap after
Heap after GC invocations=4 (full 1):
 def new generation   total 39424K, used 4352K [0x10200000, 0x12cc0000, 0x1aca0000)
  eden space 35072K,   0% used [0x10200000, 0x10200000, 0x12440000)
  from space 4352K, 100% used [0x12880000, 0x12cc0000, 0x12cc0000)
  to   space 4352K,   0% used [0x12440000, 0x12440000, 0x12880000)
 tenured generation   total 87424K, used 14740K [0x1aca0000, 0x20200000, 0x30200000)
   the space 87424K,  16% used [0x1aca0000, 0x1bb05148, 0x1bb05200, 0x20200000)
 Metaspace       used 16955K, capacity 17359K, committed 17408K, reserved 17792K
}
Event: 461.106 GC heap before
{Heap before GC invocations=4 (full 1):
 def new generation   total 39424K, used 39424K [0x10200000, 0x12cc0000, 0x1aca0000)
  eden space 35072K, 100% used [0x10200000, 0x12440000, 0x12440000)
  from space 4352K, 100% used [0x12880000, 0x12cc0000, 0x12cc0000)
  to   space 4352K,   0% used [0x12440000, 0x12440000, 0x12880000)
 tenured generation   total 87424K, used 14740K [0x1aca0000, 0x20200000, 0x30200000)
   the space 87424K,  16% used [0x1aca0000, 0x1bb05148, 0x1bb05200, 0x20200000)
 Metaspace       used 18313K, capacity 18750K, committed 18816K, reserved 18816K
Event: 461.160 GC heap after
Heap after GC invocations=5 (full 1):
 def new generation   total 39424K, used 2937K [0x10200000, 0x12cc0000, 0x1aca0000)
  eden space 35072K,   0% used [0x10200000, 0x10200000, 0x12440000)
  from space 4352K,  67% used [0x12440000, 0x1271e718, 0x12880000)
  to   space 4352K,   0% used [0x12880000, 0x12880000, 0x12cc0000)
 tenured generation   total 87424K, used 21523K [0x1aca0000, 0x20200000, 0x30200000)
   the space 87424K,  24% used [0x1aca0000, 0x1c1a4e58, 0x1c1a5000, 0x20200000)
 Metaspace       used 18313K, capacity 18750K, committed 18816K, reserved 18816K
}

